<?xml version="1.0" encoding="utf-8"?><testsuites name="pytest tests"><testsuite name="pytest" errors="0" failures="0" skipped="0" tests="22" time="8.461" timestamp="2026-07-27T06:26:44.031893+00:00" hostname="agent-env-3cfeb970-15d2-4881-a88c-a26f130d1e55"><testcase classname="backend.tests.backend_test.TestAuth" name="test_admin_login_success" time="0.474" /><testcase classname="backend.tests.backend_test.TestAuth" name="test_login_wrong_password" time="0.362" /><testcase classname="backend.tests.backend_test.TestAuth" name="test_login_unknown_user" time="0.106" /><testcase classname="backend.tests.backend_test.TestAuth" name="test_me_with_token" time="0.420" /><testcase classname="backend.tests.backend_test.TestAuth" name="test_me_without_token" time="0.098" /><testcase classname="backend.tests.backend_test.TestAuth" name="test_me_with_invalid_token" time="0.133" /><testcase classname="backend.tests.backend_test.TestSettings" name="test_get_settings_default" time="0.096" /><testcase classname="backend.tests.backend_test.TestSettings" name="test_get_settings_unauthorized" time="0.096" /><testcase classname="backend.tests.backend_test.TestSettings" name="test_put_settings_admin_normalizes_http" time="0.276" /><testcase classname="backend.tests.backend_test.TestDeviceCatalog" name="test_catalog_admin_returns_19" time="0.137" /><testcase classname="backend.tests.backend_test.TestDeviceCatalog" name="test_catalog_no_auth" time="0.130" /><testcase classname="backend.tests.backend_test.TestUserCRUD" name="test_list_users_admin" time="0.105" /><testcase classname="backend.tests.backend_test.TestUserCRUD" name="test_create_get_update_delete" time="0.713" /><testcase classname="backend.tests.backend_test.TestUserCRUD" name="test_duplicate_username_returns_409" time="0.532" /><testcase classname="backend.tests.backend_test.TestUserCRUD" name="test_cannot_delete_admin" time="0.232" /><testcase classname="backend.tests.backend_test.TestRBAC" name="test_user_cannot_list_users" time="0.849" /><testcase classname="backend.tests.backend_test.TestRBAC" name="test_user_cannot_create_users" time="0.873" /><testcase classname="backend.tests.backend_test.TestRBAC" name="test_user_cannot_put_settings" time="0.835" /><testcase classname="backend.tests.backend_test.TestRBAC" name="test_user_cannot_access_device_catalog" time="0.838" /><testcase classname="backend.tests.backend_test.TestRBAC" name="test_user_me_works" time="0.838" /><testcase classname="backend.tests.backend_test.TestProxy" name="test_proxy_status_shape" time="0.134" /><testcase classname="backend.tests.backend_test.TestProxy" name="test_proxy_status_no_auth" time="0.100" /></testsuite></testsuites>